2026-03-22 01:15:21,217 - DEBUG - Already followed user: aridepai17. Skipping.
2026-03-22 01:15:21,218 - DEBUG - Already followed user: 0Darkn. Skipping.
2026-03-22 01:15:21,218 - DEBUG - Already followed user: ShRP69. Skipping.
2026-03-22 01:15:21,218 - DEBUG - Already followed user: iousuz. Skipping.
2026-03-22 01:15:21,218 - DEBUG - Already followed user: Md-Mubin. Skipping.
2026-03-22 01:15:21,218 - DEBUG - Already followed user: tldrwtf. Skipping.
2026-03-22 01:15:21,218 - DEBUG - Already followed user: ye231101. Skipping.
2026-03-22 01:15:21,218 - DEBUG - Already followed user: abressiddique. Skipping.
2026-03-22 01:15:21,218 - DEBUG - Already followed user: 0xAdafang. Skipping.
2026-03-22 01:15:21,218 - DEBUG - Already followed user: JawherKl. Skipping.
2026-03-22 01:15:21,218 - DEBUG - Already followed user: michaeIwheeIer. Skipping.
2026-03-22 01:15:21,218 - DEBUG - Already followed user: Ravi-Dahiya-00. Skipping.
2026-03-22 01:15:21,218 - DEBUG - Already followed user: thornebaker. Skipping.
2026-03-22 01:15:21,218 - DEBUG - Already followed user: mathisjs. Skipping.
2026-03-22 01:15:21,218 - DEBUG - Already followed user: Illusivehacks. Skipping.
2026-03-22 01:15:21,218 - DEBUG - Already followed user: nikhilpatidar01. Skipping.
2026-03-22 01:15:21,218 - DEBUG - Already followed user: codeXdanyal. Skipping.
2026-03-22 01:15:21,218 - DEBUG - Already followed user: gambling-addict. Skipping.
2026-03-22 01:15:21,218 - DEBUG - Already followed user: novagad. Skipping.
2026-03-22 01:15:21,218 - DEBUG - Already followed user: chojuninengu. Skipping.
2026-03-22 01:15:21,218 - DEBUG - Already followed user: JOELNATHAN544. Skipping.
2026-03-22 01:15:21,218 - DEBUG - Already followed user: pouryaPKGit. Skipping.
2026-03-22 01:15:21,218 - DEBUG - Already followed user: mwakidenis. Skipping.
2026-03-22 01:15:21,218 - DEBUG - Already followed user: Bd-Mutant7. Skipping.
2026-03-22 01:15:21,218 - DEBUG - Already followed user: daniel149afonso. Skipping.
2026-03-22 01:15:21,218 - DEBUG - Already followed user: MatheusRuivo365. Skipping.
2026-03-22 01:15:21,218 - DEBUG - Already followed user: MllRAGE. Skipping.
2026-03-22 01:15:21,218 - DEBUG - Already followed user: landry-some. Skipping.
2026-03-22 01:15:21,218 - DEBUG - Already followed user: panyster. Skipping.
2026-03-22 01:15:21,218 - DEBUG - Already followed user: MdShawonForazi. Skipping.
2026-03-22 01:15:21,218 - DEBUG - Already followed user: Muhammad-qureshi1. Skipping.
2026-03-22 01:15:21,218 - DEBUG - Already followed user: destroy-boys. Skipping.
2026-03-22 01:15:21,218 - DEBUG - Already followed user: byxbe. Skipping.
2026-03-22 01:15:21,218 - DEBUG - Already followed user: vimal0156. Skipping.
2026-03-22 01:15:21,219 - DEBUG - Already followed user: syedbilalalam1. Skipping.
2026-03-22 01:15:21,219 - DEBUG - Already followed user: COUNTRY-HUMANS. Skipping.
2026-03-22 01:15:21,219 - DEBUG - Already followed user: Ayokanmi-Adejola. Skipping.
2026-03-22 01:15:21,219 - DEBUG - Already followed user: irenerodriguezrod. Skipping.
2026-03-22 01:15:21,219 - DEBUG - Already followed user: ngsnethawarya. Skipping.
2026-03-22 01:15:21,219 - DEBUG - Already followed user: MuratKomurcu1. Skipping.
2026-03-22 01:15:21,219 - DEBUG - Already followed user: techspire0924. Skipping.
2026-03-22 01:15:21,219 - DEBUG - Already followed user: TechLeon001. Skipping.
2026-03-22 01:15:21,219 - DEBUG - Already followed user: howls-moving-castle. Skipping.
2026-03-22 01:15:21,219 - DEBUG - Already followed user: lovehiccup. Skipping.
2026-03-22 01:15:21,219 - DEBUG - Already followed user: techEdge3030. Skipping.
2026-03-22 01:15:21,219 - DEBUG - Already followed user: Nayeem0011. Skipping.
2026-03-22 01:15:21,219 - DEBUG - Already followed user: Twizter01. Skipping.
2026-03-22 01:15:21,219 - DEBUG - Already followed user: eatsky1006. Skipping.
2026-03-22 01:15:21,219 - DEBUG - Already followed user: devoroid. Skipping.
2026-03-22 01:15:21,219 - DEBUG - Already followed user: frangelbarrera. Skipping.
2026-03-22 01:15:21,219 - DEBUG - Already followed user: 156afl. Skipping.
2026-03-22 01:15:21,219 - DEBUG - Already followed user: yosuke-kuroki. Skipping.
2026-03-22 01:15:21,219 - DEBUG - Already followed user: retrobullseye. Skipping.
2026-03-22 01:15:21,219 - DEBUG - Already followed user: nmbetancur. Skipping.
2026-03-22 01:15:21,219 - DEBUG - Already followed user: ZPIIDR. Skipping.
2026-03-22 01:15:21,219 - DEBUG - Already followed user: submitaitools. Skipping.
2026-03-22 01:15:21,219 - DEBUG - Already followed user: floriant3. Skipping.
2026-03-22 01:15:21,219 - DEBUG - Already followed user: amazing-soft-dev. Skipping.
2026-03-22 01:15:21,219 - DEBUG - Already followed user: jayDevCodes. Skipping.
2026-03-22 01:15:21,219 - DEBUG - Already followed user: xcontcom. Skipping.
2026-03-22 01:15:21,219 - DEBUG - Already followed user: SparkNews00000. Skipping.
2026-03-22 01:15:21,219 - DEBUG - Already followed user: Lyne6666. Skipping.
2026-03-22 01:15:21,219 - DEBUG - Already followed user: nafiul-afk. Skipping.
2026-03-22 01:15:21,219 - DEBUG - Already followed user: ShiningRocket. Skipping.
2026-03-22 01:15:21,219 - DEBUG - Already followed user: RlCK-SANCHEZ. Skipping.
2026-03-22 01:15:21,219 - DEBUG - Already followed user: Noori-Senior. Skipping.
2026-03-22 01:15:21,219 - DEBUG - Already followed user: AnjaliPatel301. Skipping.
2026-03-22 01:15:21,219 - DEBUG - Already followed user: Dev-Mania1988. Skipping.
2026-03-22 01:15:21,219 - DEBUG - Already followed user: BOYABOY999. Skipping.
2026-03-22 01:15:21,219 - DEBUG - Already followed user: NOUHABL. Skipping.
2026-03-22 01:15:21,220 - DEBUG - Already followed user: RamaAditya49. Skipping.
2026-03-22 01:15:21,220 - INFO - Attempting to follow user: ChungusLord123
2026-03-22 01:15:21,537 - INFO - Successfully followed user: ChungusLord123
2026-03-22 01:15:21,537 - DEBUG - Appended user ChungusLord123 to followers.txt.
2026-03-22 01:15:21,538 - INFO - Follower counter updated: 630
2026-03-22 01:15:21,538 - INFO - Sleeping for 11.87 seconds before the next follow.
2026-03-22 01:15:33,421 - DEBUG - Already followed user: constellation-infinity. Skipping.
2026-03-22 01:15:33,421 - DEBUG - Already followed user: rosem-coder. Skipping.
2026-03-22 01:15:33,642 - INFO - Rate Limit - Remaining: 4995, Reset at: 2026-03-22 02:14:49
2026-03-22 01:15:33,643 - INFO - Fetching followers from: https://api.github.com/users/aelmizeb/followers?per_page=100&page=4
2026-03-22 01:15:33,896 - DEBUG - Number of followers fetched: 36
2026-03-22 01:15:33,896 - INFO - Fetched 36 followers on page 4.
2026-03-22 01:15:33,896 - INFO - Sleeping for 5 seconds before following users.
2026-03-22 01:15:38,901 - DEBUG - Already followed user: XO-Roham. Skipping.
2026-03-22 01:15:38,901 - DEBUG - Already followed user: wetmet. Skipping.
2026-03-22 01:15:38,901 - DEBUG - Already followed user: sezindartar. Skipping.
2026-03-22 01:15:38,901 - DEBUG - Already followed user: NovaNoodle7. Skipping.
2026-03-22 01:15:38,902 - DEBUG - Already followed user: rexxdeev. Skipping.
2026-03-22 01:15:38,902 - DEBUG - Already followed user: lrepo52. Skipping.
2026-03-22 01:15:38,902 - DEBUG - Already followed user: uhsr. Skipping.
2026-03-22 01:15:38,902 - DEBUG - Already followed user: REIJISAKAMAKI. Skipping.
2026-03-22 01:15:38,902 - DEBUG - Already followed user: muichirox. Skipping.
2026-03-22 01:15:38,902 - DEBUG - Already followed user: JohnAxel04. Skipping.
2026-03-22 01:15:38,902 - DEBUG - Already followed user: 1minds3t. Skipping.
2026-03-22 01:15:38,902 - DEBUG - Already followed user: fushiitaa. Skipping.
2026-03-22 01:15:38,902 - DEBUG - Already followed user: runner28-code. Skipping.
2026-03-22 01:15:38,902 - DEBUG - Already followed user: admiralcarry-byte. Skipping.
2026-03-22 01:15:38,902 - DEBUG - Already followed user: KabeloM13. Skipping.
2026-03-22 01:15:38,902 - DEBUG - Already followed user: Lyche6666. Skipping.
2026-03-22 01:15:38,902 - DEBUG - Already followed user: sphinxzerd. Skipping.
2026-03-22 01:15:38,902 - DEBUG - Already followed user: nikecodedev. Skipping.
2026-03-22 01:15:38,902 - DEBUG - Already followed user: anshull-rajput. Skipping.
2026-03-22 01:15:38,902 - DEBUG - Already followed user: ExCoder999. Skipping.
2026-03-22 01:15:38,902 - DEBUG - Already followed user: nykoco. Skipping.
2026-03-22 01:15:38,902 - DEBUG - Already followed user: zombietfk. Skipping.
2026-03-22 01:15:38,902 - DEBUG - Already followed user: Ashkan-P88. Skipping.
2026-03-22 01:15:38,902 - DEBUG - Already followed user: nexthireconnect. Skipping.
2026-03-22 01:15:38,902 - DEBUG - Already followed user: ankitaaryal. Skipping.
2026-03-22 01:15:38,902 - DEBUG - Already followed user: KAKASHl-HATAKE. Skipping.
2026-03-22 01:15:38,902 - DEBUG - Already followed user: es4kai. Skipping.
2026-03-22 01:15:38,902 - DEBUG - Already followed user: HysteriaWEB3. Skipping.
2026-03-22 01:15:38,902 - DEBUG - Already followed user: joebtceth. Skipping.
2026-03-22 01:15:38,902 - DEBUG - Already followed user: ephmo. Skipping.
2026-03-22 01:15:38,902 - DEBUG - Already followed user: hwg-p. Skipping.
2026-03-22 01:15:38,902 - DEBUG - Already followed user: chenE5M2. Skipping.
2026-03-22 01:15:38,902 - DEBUG - Already followed user: IvanDevMars. Skipping.
2026-03-22 01:15:38,903 - DEBUG - Already followed user: Charlie-M0rgan. Skipping.
2026-03-22 01:15:38,903 - DEBUG - Already followed user: Badshah-CoderZ. Skipping.
2026-03-22 01:15:38,903 - DEBUG - Already followed user: KAKASHlHATAKE. Skipping.
2026-03-22 01:15:39,142 - INFO - Rate Limit - Remaining: 4994, Reset at: 2026-03-22 02:14:49
2026-03-22 01:15:39,142 - INFO - Fetching followers from: https://api.github.com/users/aelmizeb/followers?per_page=100&page=5
2026-03-22 01:15:39,403 - DEBUG - Number of followers fetched: 0
2026-03-22 01:15:39,403 - INFO - No more followers to process. Exiting.
2026-03-22 01:15:39,403 - INFO - Follower counter updated: 630
2026-03-22 01:15:39,403 - INFO - 
Following users from your follower list is done! Total followers fetched: 336, Total followers followed: 630
2026-03-23 01:16:00,019 - INFO - Hi! I am GitHub Follower Bot.
2026-03-23 01:16:00,019 - INFO - Letting you follow all your followers!
2026-03-23 01:16:00,019 - INFO - Starting to fetch your follower lists...

2026-03-23 01:16:00,019 - INFO - Loaded 630 already followed users.
2026-03-23 01:16:00,019 - INFO - Processing all followers without resume.
2026-03-23 01:16:00,020 - INFO - Starting from page: 1
2026-03-23 01:16:00,020 - INFO - Current follower counter: 630
2026-03-23 01:16:00,115 - INFO - Rate Limit - Remaining: 5000, Reset at: 2026-03-23 02:16:00
2026-03-23 01:16:00,116 - INFO - Fetching followers from: https://api.github.com/users/aelmizeb/followers?per_page=100&page=1
2026-03-23 01:16:00,227 - DEBUG - Number of followers fetched: 100
2026-03-23 01:16:00,227 - INFO - Fetched 100 followers on page 1.
2026-03-23 01:16:00,227 - INFO - Sleeping for 5 seconds before following users.
2026-03-23 01:16:05,232 - DEBUG - Already followed user: double-k-3033. Skipping.
2026-03-23 01:16:05,232 - DEBUG - Already followed user: levonk. Skipping.
2026-03-23 01:16:05,232 - DEBUG - Already followed user: peterruler. Skipping.
2026-03-23 01:16:05,232 - DEBUG - Already followed user: slavaGanzin. Skipping.
2026-03-23 01:16:05,232 - DEBUG - Already followed user: kenjinote. Skipping.
2026-03-23 01:16:05,232 - DEBUG - Already followed user: tech4xstar. Skipping.
2026-03-23 01:16:05,232 - DEBUG - Already followed user: sarkarshuvojit. Skipping.
2026-03-23 01:16:05,232 - DEBUG - Already followed user: unhappychoice. Skipping.
2026-03-23 01:16:05,232 - DEBUG - Already followed user: luckchain777. Skipping.
2026-03-23 01:16:05,232 - DEBUG - Already followed user: whiteplaine. Skipping.
2026-03-23 01:16:05,232 - DEBUG - Already followed user: gamemann. Skipping.
2026-03-23 01:16:05,232 - INFO - Attempting to follow user: mukhtarabdulrazaq
2026-03-23 01:16:05,339 - INFO - Successfully followed user: mukhtarabdulrazaq
2026-03-23 01:16:05,340 - DEBUG - Appended user mukhtarabdulrazaq to followers.txt.
2026-03-23 01:16:05,340 - INFO - Follower counter updated: 631
2026-03-23 01:16:05,340 - INFO - Sleeping for 12.97 seconds before the next follow.
2026-03-23 01:16:18,320 - DEBUG - Already followed user: riseansmal. Skipping.
2026-03-23 01:16:18,320 - DEBUG - Already followed user: seehiong. Skipping.
2026-03-23 01:16:18,320 - DEBUG - Already followed user: manman4. Skipping.
2026-03-23 01:16:18,320 - DEBUG - Already followed user: KylerCondran. Skipping.
2026-03-23 01:16:18,320 - DEBUG - Already followed user: ZhuChenn. Skipping.
2026-03-23 01:16:18,320 - DEBUG - Already followed user: Elbagoury. Skipping.
2026-03-23 01:16:18,320 - DEBUG - Already followed user: murapadev. Skipping.
2026-03-23 01:16:18,320 - DEBUG - Already followed user: SolidityX-X. Skipping.
2026-03-23 01:16:18,320 - DEBUG - Already followed user: tetref. Skipping.
2026-03-23 01:16:18,320 - DEBUG - Already followed user: Hantan1080. Skipping.
2026-03-23 01:16:18,320 - DEBUG - Already followed user: OliviaBennQ. Skipping.
2026-03-23 01:16:18,320 - DEBUG - Already followed user: budaivisita. Skipping.
2026-03-23 01:16:18,321 - DEBUG - Already followed user: Luukogood. Skipping.
2026-03-23 01:16:18,321 - DEBUG - Already followed user: CelaDaniel. Skipping.
2026-03-23 01:16:18,321 - DEBUG - Already followed user: ThomasHWeb. Skipping.
2026-03-23 01:16:18,321 - DEBUG - Already followed user: paaak. Skipping.
2026-03-23 01:16:18,321 - DEBUG - Already followed user: hitman0290. Skipping.
2026-03-23 01:16:18,321 - DEBUG - Already followed user: dbunt1tled. Skipping.
2026-03-23 01:16:18,321 - DEBUG - Already followed user: medmek. Skipping.
2026-03-23 01:16:18,321 - DEBUG - Already followed user: Hajjouz. Skipping.
2026-03-23 01:16:18,321 - DEBUG - Already followed user: IDouble. Skipping.
2026-03-23 01:16:18,321 - DEBUG - Already followed user: ZainJavaid. Skipping.
2026-03-23 01:16:18,321 - DEBUG - Already followed user: djvelimir. Skipping.
2026-03-23 01:16:18,321 - DEBUG - Already followed user: guevaraStian. Skipping.
2026-03-23 01:16:18,321 - DEBUG - Already followed user: visualGravitySense. Skipping.
2026-03-23 01:16:18,321 - DEBUG - Already followed user: jelspace. Skipping.
2026-03-23 01:16:18,321 - DEBUG - Already followed user: knoxryder323. Skipping.
2026-03-23 01:16:18,321 - DEBUG - Already followed user: weiquan98. Skipping.
2026-03-23 01:16:18,321 - DEBUG - Already followed user: luukogod. Skipping.
2026-03-23 01:16:18,321 - DEBUG - Already followed user: xenawitch. Skipping.
2026-03-23 01:16:18,321 - DEBUG - Already followed user: Davidjos03. Skipping.
2026-03-23 01:16:18,321 - DEBUG - Already followed user: yuvisevia. Skipping.
2026-03-23 01:16:18,321 - DEBUG - Already followed user: IshmamAbir. Skipping.
2026-03-23 01:16:18,321 - DEBUG - Already followed user: ai-28. Skipping.
2026-03-23 01:16:18,321 - DEBUG - Already followed user: Connor9994. Skipping.
2026-03-23 01:16:18,321 - DEBUG - Already followed user: domx4q. Skipping.
2026-03-23 01:16:18,321 - DEBUG - Already followed user: jackciw. Skipping.
2026-03-23 01:16:18,321 - DEBUG - Already followed user: 4F71. Skipping.
2026-03-23 01:16:18,321 - DEBUG - Already followed user: standardgalactic. Skipping.
2026-03-23 01:16:18,321 - DEBUG - Already followed user: sandibrrm. Skipping.
2026-03-23 01:16:18,321 - DEBUG - Already followed user: AchrafReyani. Skipping.
2026-03-23 01:16:18,321 - DEBUG - Already followed user: biyachio. Skipping.
2026-03-23 01:16:18,321 - DEBUG - Already followed user: nstrmx. Skipping.
2026-03-23 01:16:18,321 - DEBUG - Already followed user: Kos-M. Skipping.
2026-03-23 01:16:18,322 - DEBUG - Already followed user: jfullstackdev. Skipping.
2026-03-23 01:16:18,322 - DEBUG - Already followed user: iVGeek. Skipping.
2026-03-23 01:16:18,322 - DEBUG - Already followed user: th3noryx. Skipping.
2026-03-23 01:16:18,322 - DEBUG - Already followed user: lukestoik. Skipping.
2026-03-23 01:16:18,322 - DEBUG - Already followed user: Unizuka22. Skipping.
2026-03-23 01:16:18,322 - DEBUG - Already followed user: vasilirigels. Skipping.
2026-03-23 01:16:18,322 - DEBUG - Already followed user: alexanderbergerhd. Skipping.
2026-03-23 01:16:18,322 - DEBUG - Already followed user: vineyuka. Skipping.
2026-03-23 01:16:18,322 - DEBUG - Already followed user: joehanchi. Skipping.
2026-03-23 01:16:18,322 - DEBUG - Already followed user: mohammadnabia. Skipping.
2026-03-23 01:16:18,322 - DEBUG - Already followed user: zorktys. Skipping.
2026-03-23 01:16:18,322 - DEBUG - Already followed user: dmitryravilov. Skipping.
2026-03-23 01:16:18,322 - DEBUG - Already followed user: Ronaldo45rt. Skipping.
2026-03-23 01:16:18,322 - DEBUG - Already followed user: szenled. Skipping.
2026-03-23 01:16:18,322 - DEBUG - Already followed user: Mindlyss. Skipping.
2026-03-23 01:16:18,322 - DEBUG - Already followed user: cerenyilmazjinx. Skipping.
2026-03-23 01:16:18,322 - DEBUG - Already followed user: BEPb. Skipping.
2026-03-23 01:16:18,322 - DEBUG - Already followed user: HafidIdrissi. Skipping.
2026-03-23 01:16:18,322 - DEBUG - Already followed user: oluiscabral. Skipping.
2026-03-23 01:16:18,322 - DEBUG - Already followed user: cryptoAur4x. Skipping.
2026-03-23 01:16:18,322 - DEBUG - Already followed user: emilycodestar. Skipping.
2026-03-23 01:16:18,322 - DEBUG - Already followed user: ivasik-k7. Skipping.
2026-03-23 01:16:18,322 - DEBUG - Already followed user: sakuyaloli. Skipping.
2026-03-23 01:16:18,322 - DEBUG - Already followed user: aantoooon. Skipping.
2026-03-23 01:16:18,322 - DEBUG - Already followed user: cecilcroc. Skipping.
2026-03-23 01:16:18,322 - DEBUG - Already followed user: albonidrizi. Skipping.
2026-03-23 01:16:18,322 - DEBUG - Already followed user: lunehorb. Skipping.
2026-03-23 01:16:18,322 - DEBUG - Already followed user: janemarks. Skipping.
2026-03-23 01:16:18,322 - DEBUG - Already followed user: hajigur69. Skipping.
2026-03-23 01:16:18,322 - DEBUG - Already followed user: VictoriaCabirta. Skipping.
2026-03-23 01:16:18,322 - DEBUG - Already followed user: CHUNG-HAO. Skipping.
2026-03-23 01:16:18,322 - DEBUG - Already followed user: loreius. Skipping.
2026-03-23 01:16:18,322 - DEBUG - Already followed user: deficrypton. Skipping.
2026-03-23 01:16:18,322 - DEBUG - Already followed user: hasan4224. Skipping.
2026-03-23 01:16:18,322 - DEBUG - Already followed user: mainstar123. Skipping.
2026-03-23 01:16:18,322 - DEBUG - Already followed user: JohnMwendwa. Skipping.
2026-03-23 01:16:18,322 - DEBUG - Already followed user: ramazancetinkaya. Skipping.
2026-03-23 01:16:18,323 - DEBUG - Already followed user: fredlynsy. Skipping.
2026-03-23 01:16:18,323 - DEBUG - Already followed user: Geek-Cheth. Skipping.
2026-03-23 01:16:18,323 - DEBUG - Already followed user: tenrukayaba. Skipping.
2026-03-23 01:16:18,323 - DEBUG - Already followed user: nueryn. Skipping.
2026-03-23 01:16:18,323 - DEBUG - Already followed user: OftenUser. Skipping.
2026-03-23 01:16:18,323 - DEBUG - Already followed user: mohammadhasanii. Skipping.
2026-03-23 01:16:18,323 - DEBUG - Already followed user: neyokata. Skipping.
2026-03-23 01:16:18,433 - INFO - Rate Limit - Remaining: 4998, Reset at: 2026-03-23 02:16:00
2026-03-23 01:16:18,434 - INFO - Fetching followers from: https://api.github.com/users/aelmizeb/followers?per_page=100&page=2
2026-03-23 01:16:18,544 - DEBUG - Number of followers fetched: 100
2026-03-23 01:16:18,544 - INFO - Fetched 100 followers on page 2.
2026-03-23 01:16:18,544 - INFO - Sleeping for 5 seconds before following users.
2026-03-23 01:16:23,549 - DEBUG - Already followed user: mbitujames. Skipping.
2026-03-23 01:16:23,549 - INFO - Attempting to follow user: hessingularity
2026-03-23 01:16:23,649 - INFO - Successfully followed user: hessingularity
2026-03-23 01:16:23,650 - DEBUG - Appended user hessingularity to followers.txt.
2026-03-23 01:16:23,650 - INFO - Follower counter updated: 632
2026-03-23 01:16:23,650 - INFO - Sleeping for 10.12 seconds before the next follow.
2026-03-23 01:16:33,784 - DEBUG - Already followed user: nelokusa. Skipping.
2026-03-23 01:16:33,784 - DEBUG - Already followed user: Carrington-dev. Skipping.
2026-03-23 01:16:33,784 - DEBUG - Already followed user: thisalireza. Skipping.
2026-03-23 01:16:33,784 - DEBUG - Already followed user: BhuvanAde. Skipping.
2026-03-23 01:16:33,784 - DEBUG - Already followed user: steph3nm. Skipping.
2026-03-23 01:16:33,784 - DEBUG - Already followed user: arch-yunus. Skipping.
2026-03-23 01:16:33,784 - DEBUG - Already followed user: Jailtonfonseca. Skipping.
2026-03-23 01:16:33,784 - DEBUG - Already followed user: lxRbckl. Skipping.
2026-03-23 01:16:33,784 - DEBUG - Already followed user: Hstkj23. Skipping.
2026-03-23 01:16:33,784 - DEBUG - Already followed user: lokitore. Skipping.
2026-03-23 01:16:33,784 - DEBUG - Already followed user: NazmusSayad. Skipping.
2026-03-23 01:16:33,785 - DEBUG - Already followed user: Liuboshenko. Skipping.
2026-03-23 01:16:33,785 - DEBUG - Already followed user: Cre4T3Tiv3. Skipping.
2026-03-23 01:16:33,785 - DEBUG - Already followed user: chahe-dridi. Skipping.
2026-03-23 01:16:33,785 - DEBUG - Already followed user: Davidevlops. Skipping.
2026-03-23 01:16:33,785 - DEBUG - Already followed user: ezozu. Skipping.
2026-03-23 01:16:33,785 - DEBUG - Already followed user: OHANA-WEB. Skipping.
2026-03-23 01:16:33,785 - DEBUG - Already followed user: BamdadTabari. Skipping.
2026-03-23 01:16:33,785 - DEBUG - Already followed user: cgrundman. Skipping.
2026-03-23 01:16:33,785 - DEBUG - Already followed user: xaviersins. Skipping.
2026-03-23 01:16:33,785 - DEBUG - Already followed user: zkcryptweb. Skipping.
2026-03-23 01:16:33,785 - DEBUG - Already followed user: juanforde. Skipping.
2026-03-23 01:16:33,785 - DEBUG - Already followed user: ludo53. Skipping.
2026-03-23 01:16:33,785 - DEBUG - Already followed user: heinodendal. Skipping.
2026-03-23 01:16:33,785 - DEBUG - Already followed user: gyurioka. Skipping.
2026-03-23 01:16:33,785 - DEBUG - Already followed user: keydotfi. Skipping.
2026-03-23 01:16:33,785 - DEBUG - Already followed user: linuxtusX5. Skipping.
2026-03-23 01:16:33,785 - DEBUG - Already followed user: elifirinci. Skipping.
2026-03-23 01:16:33,785 - DEBUG - Already followed user: sabbir-noyon. Skipping.
2026-03-23 01:16:33,785 - DEBUG - Already followed user: Nima-Mollaei. Skipping.
2026-03-23 01:16:33,785 - DEBUG - Already followed user: apurva313. Skipping.
2026-03-23 01:16:33,785 - DEBUG - Already followed user: beytekindavut. Skipping.
2026-03-23 01:16:33,785 - DEBUG - Already followed user: kyiroywops. Skipping.
2026-03-23 01:16:33,785 - DEBUG - Already followed user: m-bwela. Skipping.
2026-03-23 01:16:33,785 - DEBUG - Already followed user: MrMDrX. Skipping.
2026-03-23 01:16:33,785 - DEBUG - Already followed user: nimakian. Skipping.
2026-03-23 01:16:33,785 - DEBUG - Already followed user: iamapuneet. Skipping.
2026-03-23 01:16:33,785 - DEBUG - Already followed user: Daxxtropezz. Skipping.
2026-03-23 01:16:33,785 - DEBUG - Already followed user: joaocarpim. Skipping.
2026-03-23 01:16:33,785 - DEBUG - Already followed user: 0xmurtimus. Skipping.
2026-03-23 01:16:33,785 - DEBUG - Already followed user: U1000000000000. Skipping.
2026-03-23 01:16:33,785 - DEBUG - Already followed user: shahriar0999. Skipping.
2026-03-23 01:16:33,785 - DEBUG - Already followed user: souvikrana17. Skipping.
2026-03-23 01:16:33,785 - DEBUG - Already followed user: moereira. Skipping.
2026-03-23 01:16:33,785 - DEBUG - Already followed user: DIMFLIX. Skipping.
2026-03-23 01:16:33,786 - DEBUG - Already followed user: yakinosy. Skipping.
2026-03-23 01:16:33,786 - DEBUG - Already followed user: Shubh2-0. Skipping.
2026-03-23 01:16:33,786 - DEBUG - Already followed user: EminHaziyev. Skipping.
2026-03-23 01:16:33,786 - DEBUG - Already followed user: Gorotet. Skipping.
2026-03-23 01:16:33,786 - DEBUG - Already followed user: CelaFlori. Skipping.
2026-03-23 01:16:33,786 - DEBUG - Already followed user: 0xspryo. Skipping.
2026-03-23 01:16:33,786 - DEBUG - Already followed user: juleiyuh. Skipping.
2026-03-23 01:16:33,786 - DEBUG - Already followed user: laurindoisaac. Skipping.
2026-03-23 01:16:33,786 - DEBUG - Already followed user: Motaman-M. Skipping.
2026-03-23 01:16:33,786 - DEBUG - Already followed user: Seif-01. Skipping.
2026-03-23 01:16:33,786 - DEBUG - Already followed user: motanelson. Skipping.
2026-03-23 01:16:33,786 - DEBUG - Already followed user: cepseu1. Skipping.
2026-03-23 01:16:33,786 - DEBUG - Already followed user: bolola777. Skipping.
2026-03-23 01:16:33,786 - DEBUG - Already followed user: vardan444. Skipping.
2026-03-23 01:16:33,786 - DEBUG - Already followed user: AdeptAILabs. Skipping.
2026-03-23 01:16:33,786 - DEBUG - Already followed user: cryptochrs. Skipping.
2026-03-23 01:16:33,786 - DEBUG - Already followed user: Mubashir12392. Skipping.
2026-03-23 01:16:33,786 - DEBUG - Already followed user: reignsi. Skipping.
2026-03-23 01:16:33,786 - DEBUG - Already followed user: zeniofia. Skipping.
2026-03-23 01:16:33,786 - DEBUG - Already followed user: ertugrulbgbn. Skipping.
2026-03-23 01:16:33,786 - DEBUG - Already followed user: K1rsN7. Skipping.
2026-03-23 01:16:33,786 - DEBUG - Already followed user: MatthewMacri. Skipping.
2026-03-23 01:16:33,786 - DEBUG - Already followed user: S4IL21. Skipping.
2026-03-23 01:16:33,786 - DEBUG - Already followed user: filipzekovich. Skipping.
2026-03-23 01:16:33,786 - DEBUG - Already followed user: RafalW3bCraft. Skipping.
2026-03-23 01:16:33,786 - DEBUG - Already followed user: phntmzn. Skipping.
2026-03-23 01:16:33,786 - DEBUG - Already followed user: Willysc10. Skipping.
2026-03-23 01:16:33,786 - DEBUG - Already followed user: rasidi3112. Skipping.
2026-03-23 01:16:33,786 - DEBUG - Already followed user: yobecroc. Skipping.
2026-03-23 01:16:33,786 - DEBUG - Already followed user: otaviossousa. Skipping.
2026-03-23 01:16:33,786 - DEBUG - Already followed user: taahabz. Skipping.
2026-03-23 01:16:33,786 - DEBUG - Already followed user: topdigitalplus. Skipping.
2026-03-23 01:16:33,786 - DEBUG - Already followed user: lilbodo13. Skipping.
2026-03-23 01:16:33,786 - DEBUG - Already followed user: DrParthaMajumder. Skipping.
2026-03-23 01:16:33,786 - DEBUG - Already followed user: sunjoe508. Skipping.
2026-03-23 01:16:33,786 - DEBUG - Already followed user: Mulandii. Skipping.
2026-03-23 01:16:33,786 - DEBUG - Already followed user: riseyuka. Skipping.
2026-03-23 01:16:33,786 - DEBUG - Already followed user: IamDevDan. Skipping.
2026-03-23 01:16:33,787 - DEBUG - Already followed user: Fellipemarcal. Skipping.
2026-03-23 01:16:33,787 - DEBUG - Already followed user: potentialdev-web. Skipping.
2026-03-23 01:16:33,787 - DEBUG - Already followed user: Laqrabti. Skipping.
2026-03-23 01:16:33,787 - DEBUG - Already followed user: masonliiu. Skipping.
2026-03-23 01:16:33,787 - DEBUG - Already followed user: bacteriaaa. Skipping.
2026-03-23 01:16:33,787 - DEBUG - Already followed user: AhmadTigress. Skipping.
2026-03-23 01:16:33,787 - DEBUG - Already followed user: Maher-Elmair. Skipping.
2026-03-23 01:16:33,787 - DEBUG - Already followed user: jeniflery. Skipping.
2026-03-23 01:16:33,787 - DEBUG - Already followed user: B2Kumar03. Skipping.
2026-03-23 01:16:33,787 - DEBUG - Already followed user: Fredhusne. Skipping.
2026-03-23 01:16:33,787 - DEBUG - Already followed user: AmirPeyravan. Skipping.
2026-03-23 01:16:33,787 - DEBUG - Already followed user: nuraisi. Skipping.
2026-03-23 01:16:33,787 - DEBUG - Already followed user: aertsimon90. Skipping.
2026-03-23 01:16:33,787 - DEBUG - Already followed user: serhatbula. Skipping.
2026-03-23 01:16:33,787 - DEBUG - Already followed user: Chainsmoker23. Skipping.
2026-03-23 01:16:33,905 - INFO - Rate Limit - Remaining: 4996, Reset at: 2026-03-23 02:16:00
2026-03-23 01:16:33,906 - INFO - Fetching followers from: https://api.github.com/users/aelmizeb/followers?per_page=100&page=3
2026-03-23 01:16:34,044 - DEBUG - Number of followers fetched: 100
2026-03-23 01:16:34,045 - INFO - Fetched 100 followers on page 3.
2026-03-23 01:16:34,045 - INFO - Sleeping for 5 seconds before following users.
2026-03-23 01:16:39,050 - DEBUG - Already followed user: vegata099. Skipping.
2026-03-23 01:16:39,050 - DEBUG - Already followed user: marichu-kt. Skipping.
2026-03-23 01:16:39,050 - DEBUG - Already followed user: ikramagix. Skipping.
2026-03-23 01:16:39,050 - DEBUG - Already followed user: gaqx. Skipping.
2026-03-23 01:16:39,050 - DEBUG - Already followed user: AnonimusShamshiAlex. Skipping.
2026-03-23 01:16:39,050 - DEBUG - Already followed user: goShell3. Skipping.
2026-03-23 01:16:39,050 - DEBUG - Already followed user: juicetreacly. Skipping.
2026-03-23 01:16:39,050 - DEBUG - Already followed user: Babarali2k21. Skipping.
2026-03-23 01:16:39,050 - DEBUG - Already followed user: SalehAkramSifat. Skipping.
2026-03-23 01:16:39,050 - DEBUG - Already followed user: jeffyonk. Skipping.
2026-03-23 01:16:39,050 - DEBUG - Already followed user: mengnankkkk. Skipping.
2026-03-23 01:16:39,050 - DEBUG - Already followed user: Light00Side. Skipping.
2026-03-23 01:16:39,050 - DEBUG - Already followed user: AImaniadev. Skipping.
2026-03-23 01:16:39,050 - DEBUG - Already followed user: LakhiniVoshadee. Skipping.
2026-03-23 01:16:39,050 - DEBUG - Already followed user: cfrBernard. Skipping.
2026-03-23 01:16:39,050 - DEBUG - Already followed user: amad3i. Skipping.
2026-03-23 01:16:39,050 - DEBUG - Already followed user: Arison99. Skipping.
2026-03-23 01:16:39,051 - DEBUG - Already followed user: abdulrhmansalama. Skipping.
2026-03-23 01:16:39,051 - DEBUG - Already followed user: nam-htran. Skipping.
2026-03-23 01:16:39,051 - DEBUG - Already followed user: GitHub7667. Skipping.
2026-03-23 01:16:39,051 - DEBUG - Already followed user: DevNinja08. Skipping.
2026-03-23 01:16:39,051 - DEBUG - Already followed user: Ali-hey-0. Skipping.
2026-03-23 01:16:39,051 - DEBUG - Already followed user: talrejasahil4994. Skipping.
2026-03-23 01:16:39,051 - DEBUG - Already followed user: kiranShamsHere. Skipping.
2026-03-23 01:16:39,051 - DEBUG - Already followed user: Iankulani. Skipping.
2026-03-23 01:16:39,051 - DEBUG - Already followed user: BhagwaniVishi. Skipping.
2026-03-23 01:16:39,051 - DEBUG - Already followed user: aridepai17. Skipping.
2026-03-23 01:16:39,051 - DEBUG - Already followed user: 0Darkn. Skipping.
2026-03-23 01:16:39,051 - DEBUG - Already followed user: ShRP69. Skipping.
2026-03-23 01:16:39,051 - DEBUG - Already followed user: iousuz. Skipping.
2026-03-23 01:16:39,051 - DEBUG - Already followed user: Md-Mubin. Skipping.
2026-03-23 01:16:39,051 - DEBUG - Already followed user: tldrwtf. Skipping.
2026-03-23 01:16:39,051 - DEBUG - Already followed user: ye231101. Skipping.
2026-03-23 01:16:39,051 - DEBUG - Already followed user: abressiddique. Skipping.
2026-03-23 01:16:39,051 - DEBUG - Already followed user: 0xAdafang. Skipping.
2026-03-23 01:16:39,051 - DEBUG - Already followed user: JawherKl. Skipping.
2026-03-23 01:16:39,051 - DEBUG - Already followed user: michaeIwheeIer. Skipping.
2026-03-23 01:16:39,051 - DEBUG - Already followed user: Ravi-Dahiya-00. Skipping.
2026-03-23 01:16:39,051 - DEBUG - Already followed user: thornebaker. Skipping.
2026-03-23 01:16:39,051 - DEBUG - Already followed user: mathisjs. Skipping.
2026-03-23 01:16:39,051 - DEBUG - Already followed user: Illusivehacks. Skipping.
2026-03-23 01:16:39,051 - DEBUG - Already followed user: nikhilpatidar01. Skipping.
2026-03-23 01:16:39,051 - DEBUG - Already followed user: codeXdanyal. Skipping.
2026-03-23 01:16:39,051 - DEBUG - Already followed user: gambling-addict. Skipping.
2026-03-23 01:16:39,051 - DEBUG - Already followed user: novagad. Skipping.
2026-03-23 01:16:39,051 - DEBUG - Already followed user: chojuninengu. Skipping.
2026-03-23 01:16:39,051 - DEBUG - Already followed user: JOELNATHAN544. Skipping.
2026-03-23 01:16:39,051 - DEBUG - Already followed user: pouryaPKGit. Skipping.
2026-03-23 01:16:39,051 - DEBUG - Already followed user: mwakidenis. Skipping.
2026-03-23 01:16:39,051 - DEBUG - Already followed user: Bd-Mutant7. Skipping.
2026-03-23 01:16:39,051 - DEBUG - Already followed user: daniel149afonso. Skipping.
2026-03-23 01:16:39,051 - DEBUG - Already followed user: MatheusRuivo365. Skipping.
2026-03-23 01:16:39,051 - DEBUG - Already followed user: MllRAGE. Skipping.
2026-03-23 01:16:39,052 - DEBUG - Already followed user: landry-some. Skipping.
2026-03-23 01:16:39,052 - DEBUG - Already followed user: panyster. Skipping.
2026-03-23 01:16:39,052 - DEBUG - Already followed user: MdShawonForazi. Skipping.
2026-03-23 01:16:39,052 - DEBUG - Already followed user: Muhammad-qureshi1. Skipping.
2026-03-23 01:16:39,052 - DEBUG - Already followed user: destroy-boys. Skipping.
2026-03-23 01:16:39,052 - DEBUG - Already followed user: byxbe. Skipping.
2026-03-23 01:16:39,052 - DEBUG - Already followed user: vimal0156. Skipping.
2026-03-23 01:16:39,052 - DEBUG - Already followed user: syedbilalalam1. Skipping.
2026-03-23 01:16:39,052 - DEBUG - Already followed user: COUNTRY-HUMANS. Skipping.
2026-03-23 01:16:39,052 - DEBUG - Already followed user: Ayokanmi-Adejola. Skipping.
2026-03-23 01:16:39,052 - DEBUG - Already followed user: irenerodriguezrod. Skipping.
2026-03-23 01:16:39,052 - DEBUG - Already followed user: ngsnethawarya. Skipping.
2026-03-23 01:16:39,052 - DEBUG - Already followed user: MuratKomurcu1. Skipping.
2026-03-23 01:16:39,052 - DEBUG - Already followed user: techspire0924. Skipping.
2026-03-23 01:16:39,052 - DEBUG - Already followed user: TechLeon001. Skipping.
2026-03-23 01:16:39,052 - DEBUG - Already followed user: howls-moving-castle. Skipping.
2026-03-23 01:16:39,052 - DEBUG - Already followed user: lovehiccup. Skipping.
2026-03-23 01:16:39,052 - DEBUG - Already followed user: techEdge3030. Skipping.
2026-03-23 01:16:39,052 - DEBUG - Already followed user: Nayeem0011. Skipping.
2026-03-23 01:16:39,052 - DEBUG - Already followed user: Twizter01. Skipping.
2026-03-23 01:16:39,052 - DEBUG - Already followed user: eatsky1006. Skipping.
2026-03-23 01:16:39,052 - DEBUG - Already followed user: devoroid. Skipping.
2026-03-23 01:16:39,052 - DEBUG - Already followed user: frangelbarrera. Skipping.
2026-03-23 01:16:39,052 - DEBUG - Already followed user: 156afl. Skipping.
2026-03-23 01:16:39,052 - DEBUG - Already followed user: yosuke-kuroki. Skipping.
2026-03-23 01:16:39,052 - DEBUG - Already followed user: retrobullseye. Skipping.
2026-03-23 01:16:39,052 - DEBUG - Already followed user: nmbetancur. Skipping.
2026-03-23 01:16:39,052 - DEBUG - Already followed user: ZPIIDR. Skipping.
2026-03-23 01:16:39,052 - DEBUG - Already followed user: submitaitools. Skipping.
2026-03-23 01:16:39,052 - DEBUG - Already followed user: floriant3. Skipping.
2026-03-23 01:16:39,052 - DEBUG - Already followed user: amazing-soft-dev. Skipping.
2026-03-23 01:16:39,052 - DEBUG - Already followed user: jayDevCodes. Skipping.
2026-03-23 01:16:39,052 - DEBUG - Already followed user: xcontcom. Skipping.
2026-03-23 01:16:39,052 - DEBUG - Already followed user: SparkNews00000. Skipping.
2026-03-23 01:16:39,052 - DEBUG - Already followed user: Lyne6666. Skipping.
2026-03-23 01:16:39,052 - DEBUG - Already followed user: nafiul-afk. Skipping.
2026-03-23 01:16:39,052 - DEBUG - Already followed user: ShiningRocket. Skipping.
2026-03-23 01:16:39,052 - DEBUG - Already followed user: RlCK-SANCHEZ. Skipping.
2026-03-23 01:16:39,053 - DEBUG - Already followed user: Noori-Senior. Skipping.
2026-03-23 01:16:39,053 - DEBUG - Already followed user: AnjaliPatel301. Skipping.
2026-03-23 01:16:39,053 - DEBUG - Already followed user: Dev-Mania1988. Skipping.
2026-03-23 01:16:39,053 - DEBUG - Already followed user: BOYABOY999. Skipping.
2026-03-23 01:16:39,053 - DEBUG - Already followed user: NOUHABL. Skipping.
2026-03-23 01:16:39,053 - DEBUG - Already followed user: RamaAditya49. Skipping.
2026-03-23 01:16:39,053 - DEBUG - Already followed user: ChungusLord123. Skipping.
2026-03-23 01:16:39,053 - DEBUG - Already followed user: constellation-infinity. Skipping.
2026-03-23 01:16:39,053 - DEBUG - Already followed user: rosem-coder. Skipping.
2026-03-23 01:16:39,151 - INFO - Rate Limit - Remaining: 4995, Reset at: 2026-03-23 02:16:00
2026-03-23 01:16:39,151 - INFO - Fetching followers from: https://api.github.com/users/aelmizeb/followers?per_page=100&page=4
2026-03-23 01:16:39,255 - DEBUG - Number of followers fetched: 36
2026-03-23 01:16:39,255 - INFO - Fetched 36 followers on page 4.
2026-03-23 01:16:39,255 - INFO - Sleeping for 5 seconds before following users.
2026-03-23 01:16:44,260 - DEBUG - Already followed user: XO-Roham. Skipping.
2026-03-23 01:16:44,261 - DEBUG - Already followed user: wetmet. Skipping.
2026-03-23 01:16:44,261 - DEBUG - Already followed user: sezindartar. Skipping.
2026-03-23 01:16:44,261 - DEBUG - Already followed user: NovaNoodle7. Skipping.
2026-03-23 01:16:44,261 - DEBUG - Already followed user: rexxdeev. Skipping.
2026-03-23 01:16:44,261 - DEBUG - Already followed user: lrepo52. Skipping.
2026-03-23 01:16:44,261 - DEBUG - Already followed user: uhsr. Skipping.
2026-03-23 01:16:44,261 - DEBUG - Already followed user: REIJISAKAMAKI. Skipping.
2026-03-23 01:16:44,261 - DEBUG - Already followed user: muichirox. Skipping.
2026-03-23 01:16:44,261 - DEBUG - Already followed user: JohnAxel04. Skipping.
2026-03-23 01:16:44,261 - DEBUG - Already followed user: 1minds3t. Skipping.
2026-03-23 01:16:44,261 - DEBUG - Already followed user: fushiitaa. Skipping.
2026-03-23 01:16:44,261 - DEBUG - Already followed user: runner28-code. Skipping.
2026-03-23 01:16:44,261 - DEBUG - Already followed user: admiralcarry-byte. Skipping.
2026-03-23 01:16:44,261 - DEBUG - Already followed user: KabeloM13. Skipping.
2026-03-23 01:16:44,261 - DEBUG - Already followed user: Lyche6666. Skipping.
2026-03-23 01:16:44,261 - DEBUG - Already followed user: sphinxzerd. Skipping.
2026-03-23 01:16:44,261 - DEBUG - Already followed user: nikecodedev. Skipping.
2026-03-23 01:16:44,261 - DEBUG - Already followed user: anshull-rajput. Skipping.
2026-03-23 01:16:44,261 - DEBUG - Already followed user: ExCoder999. Skipping.
2026-03-23 01:16:44,261 - DEBUG - Already followed user: nykoco. Skipping.
2026-03-23 01:16:44,261 - DEBUG - Already followed user: zombietfk. Skipping.
2026-03-23 01:16:44,261 - DEBUG - Already followed user: Ashkan-P88. Skipping.
2026-03-23 01:16:44,261 - DEBUG - Already followed user: nexthireconnect. Skipping.
2026-03-23 01:16:44,261 - DEBUG - Already followed user: ankitaaryal. Skipping.
2026-03-23 01:16:44,261 - DEBUG - Already followed user: KAKASHl-HATAKE. Skipping.
2026-03-23 01:16:44,261 - DEBUG - Already followed user: es4kai. Skipping.
2026-03-23 01:16:44,261 - DEBUG - Already followed user: HysteriaWEB3. Skipping.
2026-03-23 01:16:44,261 - DEBUG - Already followed user: joebtceth. Skipping.
2026-03-23 01:16:44,261 - DEBUG - Already followed user: ephmo. Skipping.
2026-03-23 01:16:44,262 - DEBUG - Already followed user: hwg-p. Skipping.
2026-03-23 01:16:44,262 - DEBUG - Already followed user: chenE5M2. Skipping.
2026-03-23 01:16:44,262 - DEBUG - Already followed user: IvanDevMars. Skipping.
2026-03-23 01:16:44,262 - DEBUG - Already followed user: Charlie-M0rgan. Skipping.
2026-03-23 01:16:44,262 - DEBUG - Already followed user: Badshah-CoderZ. Skipping.
2026-03-23 01:16:44,262 - DEBUG - Already followed user: KAKASHlHATAKE. Skipping.
2026-03-23 01:16:44,372 - INFO - Rate Limit - Remaining: 4994, Reset at: 2026-03-23 02:16:00
2026-03-23 01:16:44,373 - INFO - Fetching followers from: https://api.github.com/users/aelmizeb/followers?per_page=100&page=5
2026-03-23 01:16:44,474 - DEBUG - Number of followers fetched: 0
2026-03-23 01:16:44,474 - INFO - No more followers to process. Exiting.
2026-03-23 01:16:44,474 - INFO - Follower counter updated: 632
2026-03-23 01:16:44,474 - INFO - 
Following users from your follower list is done! Total followers fetched: 336, Total followers followed: 632
